app/build/outputs/logs/manifest-merger-debug-report.txt
-- Merging decision tree log ---
manifest
ADDED from src/main/AndroidManifest.xml:2:1-20:12
	package
		ADDED from src/main/AndroidManifest.xml:3:5-37
		INJECTED from src/main/AndroidManifest.xml
		INJECTED from src/main/AndroidManifest.xml
	xmlns:android
		ADDED from src/main/AndroidManifest.xml:2:11-69
application
ADDED from src/main/AndroidManifest.xml:5:5-19:19
	android:label
		ADDED from src/main/AndroidManifest.xml:8:9-41
	android:allowBackup
		ADDED from src/main/AndroidManifest.xml:6:9-36
	android:icon
		ADDED from src/main/AndroidManifest.xml:7:9-45
activity#com.example.customview.MainActivity
ADDED from src/main/AndroidManifest.xml:9:9-14:20
	android:name
		ADDED from src/main/AndroidManifest.xml:9:19-47
intent-filter#android.intent.action.MAIN+android.intent.category.LAUNCHER
ADDED from src/main/AndroidManifest.xml:10:13-13:29
action#android.intent.action.MAIN
ADDED from src/main/AndroidManifest.xml:11:17-69
	android:name
		ADDED from src/main/AndroidManifest.xml:11:25-66
category#android.intent.category.LAUNCHER
ADDED from src/main/AndroidManifest.xml:12:17-77
	android:name
		ADDED from src/main/AndroidManifest.xml:12:27-74
activity#com.example.customview.AspectImageActivity
ADDED from src/main/AndroidManifest.xml:15:9-57
	android:name
		ADDED from src/main/AndroidManifest.xml:15:19-54
activity#com.example.customview.DoubleImageActivity
ADDED from src/main/AndroidManifest.xml:16:9-57
	android:name
		ADDED from src/main/AndroidManifest.xml:16:19-54
activity#com.example.customview.BoxGridActivity
ADDED from src/main/AndroidManifest.xml:17:9-53
	android:name
		ADDED from src/main/AndroidManifest.xml:17:19-50
activity#com.example.customview.CompoundControlActivity
ADDED from src/main/AndroidManifest.xml:18:9-61
	android:name
		ADDED from src/main/AndroidManifest.xml:18:19-58
uses-sdk
INJECTED from src/main/AndroidManifest.xml reason: use-sdk injection requested
	android:targetSdkVersion
		INJECTED from src/main/AndroidManifest.xml
		INJECTED from src/main/AndroidManifest.xml
	android:minSdkVersion
		INJECTED from src/main/AndroidManifest.xml
		INJECTED from src/main/AndroidManifest.xml